{"C:\\Users\\Lenny\\OneDrive\\Desktop\\revature-training\\foundations-project\\daos\\ticketDAO.js": {"path":"C:\\Users\\Lenny\\OneDrive\\Desktop\\revature-training\\foundations-project\\daos\\ticketDAO.js","statementMap":{"0":{"start":{"line":1,"column":0},"end":{"line":1,"column":27}},"1":{"start":{"line":2,"column":27},"end":{"line":2,"column":62}},"2":{"start":{"line":9,"column":4},"end":{"line":9,"column":36}},"3":{"start":{"line":10,"column":15},"end":{"line":10,"column":58}},"4":{"start":{"line":11,"column":23},"end":{"line":11,"column":58}},"5":{"start":{"line":12,"column":13},"end":{"line":12,"column":28}},"6":{"start":{"line":13,"column":22},"end":{"line":13,"column":47}},"7":{"start":{"line":14,"column":28},"end":{"line":14,"column":59}},"8":{"start":{"line":15,"column":34},"end":{"line":15,"column":71}},"9":{"start":{"line":16,"column":30},"end":{"line":16,"column":63}},"10":{"start":{"line":17,"column":31},"end":{"line":17,"column":65}},"11":{"start":{"line":18,"column":29},"end":{"line":18,"column":61}},"12":{"start":{"line":21,"column":17},"end":{"line":30,"column":3}},"13":{"start":{"line":32,"column":1},"end":{"line":32,"column":43}},"14":{"start":{"line":36,"column":17},"end":{"line":39,"column":3}},"15":{"start":{"line":41,"column":1},"end":{"line":41,"column":43}},"16":{"start":{"line":45,"column":17},"end":{"line":51,"column":3}},"17":{"start":{"line":53,"column":1},"end":{"line":53,"column":43}},"18":{"start":{"line":57,"column":17},"end":{"line":62,"column":3}},"19":{"start":{"line":64,"column":1},"end":{"line":64,"column":43}},"20":{"start":{"line":68,"column":17},"end":{"line":74,"column":3}},"21":{"start":{"line":76,"column":1},"end":{"line":76,"column":43}},"22":{"start":{"line":80,"column":1},"end":{"line":80,"column":58}},"23":{"start":{"line":84,"column":1},"end":{"line":84,"column":56}},"24":{"start":{"line":87,"column":0},"end":{"line":94,"column":2}}},"fnMap":{"0":{"name":"createTicket","decl":{"start":{"line":20,"column":15},"end":{"line":20,"column":27}},"loc":{"start":{"line":20,"column":62},"end":{"line":33,"column":1}},"line":20},"1":{"name":"getTicketByID","decl":{"start":{"line":35,"column":15},"end":{"line":35,"column":28}},"loc":{"start":{"line":35,"column":33},"end":{"line":42,"column":1}},"line":35},"2":{"name":"getPendingTickets","decl":{"start":{"line":44,"column":15},"end":{"line":44,"column":32}},"loc":{"start":{"line":44,"column":35},"end":{"line":54,"column":1}},"line":44},"3":{"name":"getTicketsBySubmitterID","decl":{"start":{"line":56,"column":15},"end":{"line":56,"column":38}},"loc":{"start":{"line":56,"column":52},"end":{"line":65,"column":1}},"line":56},"4":{"name":"setTicketStatus","decl":{"start":{"line":67,"column":15},"end":{"line":67,"column":30}},"loc":{"start":{"line":67,"column":43},"end":{"line":77,"column":1}},"line":67},"5":{"name":"approveTicket","decl":{"start":{"line":79,"column":15},"end":{"line":79,"column":28}},"loc":{"start":{"line":79,"column":33},"end":{"line":81,"column":1}},"line":79},"6":{"name":"denyTicket","decl":{"start":{"line":83,"column":15},"end":{"line":83,"column":25}},"loc":{"start":{"line":83,"column":30},"end":{"line":85,"column":1}},"line":83}},"branchMap":{},"s":{"0":1,"1":1,"2":1,"3":1,"4":1,"5":1,"6":1,"7":1,"8":1,"9":1,"10":1,"11":1,"12":1,"13":1,"14":0,"15":0,"16":3,"17":3,"18":1,"19":1,"20":2,"21":2,"22":1,"23":1,"24":1},"f":{"0":1,"1":0,"2":3,"3":1,"4":2,"5":1,"6":1},"b":{},"_coverageSchema":"1a1c01bbd47fc00a2c39e90264f33305004495a9","hash":"f25baa9337be29464bf1300b5385a2c4d74de386"}
,"C:\\Users\\Lenny\\OneDrive\\Desktop\\revature-training\\foundations-project\\daos\\userDAO.js": {"path":"C:\\Users\\Lenny\\OneDrive\\Desktop\\revature-training\\foundations-project\\daos\\userDAO.js","statementMap":{"0":{"start":{"line":1,"column":0},"end":{"line":1,"column":27}},"1":{"start":{"line":2,"column":27},"end":{"line":2,"column":62}},"2":{"start":{"line":3,"column":61},"end":{"line":3,"column":93}},"3":{"start":{"line":4,"column":15},"end":{"line":4,"column":58}},"4":{"start":{"line":5,"column":23},"end":{"line":5,"column":58}},"5":{"start":{"line":6,"column":13},"end":{"line":6,"column":28}},"6":{"start":{"line":7,"column":20},"end":{"line":7,"column":43}},"7":{"start":{"line":8,"column":23},"end":{"line":8,"column":49}},"8":{"start":{"line":9,"column":22},"end":{"line":9,"column":47}},"9":{"start":{"line":10,"column":21},"end":{"line":10,"column":45}},"10":{"start":{"line":13,"column":17},"end":{"line":21,"column":3}},"11":{"start":{"line":23,"column":1},"end":{"line":23,"column":43}},"12":{"start":{"line":27,"column":17},"end":{"line":32,"column":3}},"13":{"start":{"line":34,"column":1},"end":{"line":34,"column":43}},"14":{"start":{"line":37,"column":0},"end":{"line":40,"column":2}}},"fnMap":{"0":{"name":"createUser","decl":{"start":{"line":12,"column":15},"end":{"line":12,"column":25}},"loc":{"start":{"line":12,"column":68},"end":{"line":24,"column":1}},"line":12},"1":{"name":"getUserByUsername","decl":{"start":{"line":26,"column":15},"end":{"line":26,"column":32}},"loc":{"start":{"line":26,"column":43},"end":{"line":35,"column":1}},"line":26}},"branchMap":{"0":{"loc":{"start":{"line":12,"column":46},"end":{"line":12,"column":66}},"type":"default-arg","locations":[{"start":{"line":12,"column":53},"end":{"line":12,"column":66}}],"line":12},"1":{"loc":{"start":{"line":19,"column":9},"end":{"line":19,"column":61}},"type":"cond-expr","locations":[{"start":{"line":19,"column":33},"end":{"line":19,"column":45}},{"start":{"line":19,"column":48},"end":{"line":19,"column":61}}],"line":19}},"s":{"0":1,"1":1,"2":1,"3":1,"4":1,"5":1,"6":1,"7":1,"8":1,"9":1,"10":2,"11":2,"12":2,"13":2,"14":1},"f":{"0":2,"1":2},"b":{"0":[1],"1":[1,1]},"_coverageSchema":"1a1c01bbd47fc00a2c39e90264f33305004495a9","hash":"49865cac203dcfbb6ae1ad066553d6b3041a3a44"}
}
