TN:
SF:daos\ticketDAO.js
FN:20,createTicket
FN:35,getTicketByID
FN:44,getPendingTickets
FN:56,getTicketsBySubmitterID
FN:67,setTicketStatus
FN:79,approveTicket
FN:83,denyTicket
FNF:7
FNH:6
FNDA:1,createTicket
FNDA:0,getTicketByID
FNDA:3,getPendingTickets
FNDA:1,getTicketsBySubmitterID
FNDA:2,setTicketStatus
FNDA:1,approveTicket
FNDA:1,denyTicket
DA:1,1
DA:2,1
DA:9,1
DA:10,1
DA:11,1
DA:12,1
DA:13,1
DA:14,1
DA:15,1
DA:16,1
DA:17,1
DA:18,1
DA:21,1
DA:32,1
DA:36,0
DA:41,0
DA:45,3
DA:53,3
DA:57,1
DA:64,1
DA:68,2
DA:76,2
DA:80,1
DA:84,1
DA:87,1
LF:25
LH:23
BRF:0
BRH:0
end_of_record
TN:
SF:daos\userDAO.js
FN:12,createUser
FN:26,getUserByUsername
FNF:2
FNH:2
FNDA:2,createUser
FNDA:2,getUserByUsername
DA:1,1
DA:2,1
DA:3,1
DA:4,1
DA:5,1
DA:6,1
DA:7,1
DA:8,1
DA:9,1
DA:10,1
DA:13,2
DA:23,2
DA:27,2
DA:34,2
DA:37,1
LF:15
LH:15
BRDA:12,0,0,1
BRDA:19,1,0,1
BRDA:19,1,1,1
BRF:3
BRH:3
end_of_record
